{
  "RSpec": {
    "coverage": {
      "/home/ubuntu/environment/FTLTask/app/models/user.rb": {
        "lines": [
          1,
          null,
          null,
          null,
          1,
          null,
          null,
          1,
          1,
          null,
          null
        ]
      },
      "/home/ubuntu/environment/FTLTask/app/models/application_record.rb": {
        "lines": [
          1,
          1,
          null
        ]
      },
      "/home/ubuntu/environment/FTLTask/app/helpers/application_helper.rb": {
        "lines": [
          1,
          1,
          3,
          2,
          0,
          1,
          null,
          null,
          null
        ]
      },
      "/home/ubuntu/environment/FTLTask/app/helpers/cards_helper.rb": {
        "lines": [
          1,
          null
        ]
      },
      "/home/ubuntu/environment/FTLTask/app/helpers/items_helper.rb": {
        "lines": [
          1,
          null
        ]
      },
      "/home/ubuntu/environment/FTLTask/app/models/card.rb": {
        "lines": [
          1,
          1,
          1,
          null,
          1,
          1,
          null,
          1,
          1,
          1,
          1,
          null,
          1,
          0,
          null,
          null
        ]
      },
      "/home/ubuntu/environment/FTLTask/app/models/item.rb": {
        "lines": [
          1,
          1,
          null,
          1,
          null,
          1,
          1,
          1,
          null
        ]
      },
      "/home/ubuntu/environment/FTLTask/app/controllers/cards_controller.rb": {
        "lines": [
          1,
          1,
          1,
          null,
          1,
          1,
          null,
          null,
          1,
          0,
          null,
          null,
          1,
          1,
          null,
          null,
          1,
          2,
          2,
          null,
          2,
          1,
          null,
          1,
          null,
          null,
          null,
          1,
          null,
          1,
          0,
          0,
          0,
          null,
          0,
          null,
          null,
          null,
          1,
          0,
          0,
          0,
          null,
          null,
          1,
          null,
          1,
          3,
          null,
          null,
          1,
          0,
          null,
          null,
          1,
          2,
          null,
          null,
          1,
          0,
          null,
          null
        ]
      },
      "/home/ubuntu/environment/FTLTask/app/controllers/application_controller.rb": {
        "lines": [
          1,
          1,
          null,
          1,
          null,
          1,
          0,
          null,
          null
        ]
      },
      "/home/ubuntu/environment/FTLTask/app/controllers/items_controller.rb": {
        "lines": [
          1,
          1,
          1,
          1,
          null,
          1,
          0,
          null,
          null,
          1,
          null,
          null,
          null,
          null,
          null,
          1,
          1,
          null,
          null,
          1,
          null,
          1,
          2,
          2,
          null,
          2,
          1,
          null,
          1,
          1,
          null,
          null,
          null,
          null,
          null,
          1,
          2,
          1,
          1,
          null,
          1,
          null,
          null,
          null,
          1,
          1,
          1,
          null,
          null,
          1,
          null,
          1,
          7,
          null,
          null,
          1,
          4,
          null,
          null,
          1,
          4,
          null,
          null
        ]
      },
      "/home/ubuntu/environment/FTLTask/app/controllers/help_controller.rb": {
        "lines": [
          1,
          1,
          null,
          null
        ]
      },
      "/home/ubuntu/environment/FTLTask/app/channels/application_cable/channel.rb": {
        "lines": [
          0,
          0,
          0,
          0
        ],
        "branches": {
        }
      },
      "/home/ubuntu/environment/FTLTask/app/channels/application_cable/connection.rb": {
        "lines": [
          0,
          0,
          0,
          0
        ],
        "branches": {
        }
      },
      "/home/ubuntu/environment/FTLTask/app/controllers/home_controller.rb": {
        "lines": [
          0,
          null,
          0,
          0,
          0,
          0
        ],
        "branches": {
        }
      },
      "/home/ubuntu/environment/FTLTask/app/jobs/application_job.rb": {
        "lines": [
          0,
          null,
          null,
          null,
          null,
          null,
          0
        ],
        "branches": {
        }
      },
      "/home/ubuntu/environment/FTLTask/app/mailers/application_mailer.rb": {
        "lines": [
          0,
          0,
          0,
          0
        ],
        "branches": {
        }
      }
    },
    "timestamp": 1655206572
  }
}
